<?xml version="1.0" encoding="UTF-8"?>
<testsuite name="cabInvoiceGenerator.CabInvoiceTest" tests="1" skipped="0" failures="0" errors="0" timestamp="2021-08-13T17:07:15" hostname="HP-PAVILION" time="0.004">
  <properties/>
  <testcase name="givenNormalRide_ShouldReturnInvoiceSummary" classname="cabInvoiceGenerator.CabInvoiceTest" time="0.004"/>
  <system-out><![CDATA[]]></system-out>
  <system-err><![CDATA[]]></system-err>
</testsuite>
